[debug] [2021-11-14T04:25:27.034Z] ----------------------------------------------------------------------
[debug] [2021-11-14T04:25:27.037Z] Command:       C:\Program Files\nodejs\node.exe C:\Users\Admin\AppData\Roaming\npm\node_modules\firebase-tools\lib\bin\firebase.js init
[debug] [2021-11-14T04:25:27.037Z] CLI Version:   9.22.0
[debug] [2021-11-14T04:25:27.037Z] Platform:      win32
[debug] [2021-11-14T04:25:27.038Z] Node Version:  v16.13.0
[debug] [2021-11-14T04:25:27.039Z] Time:          Sun Nov 14 2021 10:25:27 GMT+0600 (Bangladesh Standard Time)
[debug] [2021-11-14T04:25:27.039Z] ----------------------------------------------------------------------
[debug] 
[debug] [2021-11-14T04:25:27.042Z] >>> [apiv2][query] GET https://firebase-public.firebaseio.com/cli.json [none]
[debug] [2021-11-14T04:25:27.146Z] > command requires scopes: ["email","openid","https://www.googleapis.com/auth/cloudplatformprojects.readonly","https://www.googleapis.com/auth/firebase","https://www.googleapis.com/auth/cloud-platform"]
[debug] [2021-11-14T04:25:27.147Z] > authorizing via signed-in user (farhanahad3@gmail.com)
[info] 
     ######## #### ########  ######## ########     ###     ######  ########
     ##        ##  ##     ## ##       ##     ##  ##   ##  ##       ##
     ######    ##  ########  ######   ########  #########  ######  ######
     ##        ##  ##    ##  ##       ##     ## ##     ##       ## ##
     ##       #### ##     ## ######## ########  ##     ##  ######  ########

You're about to initialize a Firebase project in this directory:

  C:\Users\Admin\Downloads\Compressed\assignment\client-site

Before we get started, keep in mind:

  * You are initializing within an existing Firebase project directory

[debug] [2021-11-14T04:25:28.242Z] <<< [apiv2][status] GET https://firebase-public.firebaseio.com/cli.json 200
[debug] [2021-11-14T04:25:28.242Z] <<< [apiv2][body] GET https://firebase-public.firebaseio.com/cli.json {"cloudBuildErrorAfter":1594252800000,"cloudBuildWarnAfter":1590019200000,"defaultNode10After":1594252800000,"minVersion":"3.0.5","node8DeploysDisabledAfter":1613390400000,"node8RuntimeDisabledAfter":1615809600000,"node8WarnAfter":1600128000000}
[info] 
=== Project Setup
[info] 
[info] First, let's associate this project directory with a Firebase project.
[info] You can create multiple project aliases by running firebase use --add, 
[info] but for now we'll just set up a default project.
[info] 
[info] i  .firebaserc already has a default project, using car-dealer-showroom. 
[debug] [2021-11-14T04:25:41.911Z] > refreshing access token with scopes: []
[debug] [2021-11-14T04:25:41.912Z] >>> HTTP REQUEST POST https://www.googleapis.com/oauth2/v3/token  
 <request body omitted>
[debug] [2021-11-14T04:25:42.314Z] <<< HTTP RESPONSE 200 {"cache-control":"no-cache, no-store, max-age=0, must-revalidate","expires":"Mon, 01 Jan 1990 00:00:00 GMT","pragma":"no-cache","date":"Sun, 14 Nov 2021 04:25:38 GMT","content-type":"application/json; charset=utf-8","vary":"X-Origin, Referer, Origin,Accept-Encoding","server":"scaffolding on HTTPServer2","x-xss-protection":"0","x-frame-options":"SAMEORIGIN","x-content-type-options":"nosniff","alt-svc":"clear","accept-ranges":"none","transfer-encoding":"chunked"}
[debug] [2021-11-14T04:25:42.326Z] >>> [apiv2][query] GET https://firebase.googleapis.com/v1beta1/projects/car-dealer-showroom [none]
[debug] [2021-11-14T04:25:43.089Z] <<< [apiv2][status] GET https://firebase.googleapis.com/v1beta1/projects/car-dealer-showroom 403
[debug] [2021-11-14T04:25:43.089Z] <<< [apiv2][body] GET https://firebase.googleapis.com/v1beta1/projects/car-dealer-showroom {"error":{"code":403,"message":"The caller does not have permission","status":"PERMISSION_DENIED"}}
[debug] [2021-11-14T04:25:43.090Z] HTTP Error: 403, The caller does not have permission
[debug] [2021-11-14T04:25:43.436Z] FirebaseError: HTTP Error: 403, The caller does not have permission
    at module.exports (C:\Users\Admin\AppData\Roaming\npm\node_modules\firebase-tools\lib\responseToError.js:38:12)
    at Client.doRequest (C:\Users\Admin\AppData\Roaming\npm\node_modules\firebase-tools\lib\apiv2.js:241:23)
    at processTicksAndRejections (node:internal/process/task_queues:96:5)
    at async Client.request (C:\Users\Admin\AppData\Roaming\npm\node_modules\firebase-tools\lib\apiv2.js:96:20)
    at async Object.getFirebaseProject (C:\Users\Admin\AppData\Roaming\npm\node_modules\firebase-tools\lib\management\projects.js:290:21)
    at async Object.doSetup [as project] (C:\Users\Admin\AppData\Roaming\npm\node_modules\firebase-tools\lib\init\features\project.js:77:27)
    at async init (C:\Users\Admin\AppData\Roaming\npm\node_modules\firebase-tools\lib\init\index.js:19:9)
[error] 
[error] Error: Failed to get Firebase project car-dealer-showroom. Please make sure the project exists and your account has permission to access it.
